20210806-17:06:41.554 : connected
20210806-17:06:46.413 : SocketReader Error: Socket exception (127.0.0.1:54295): Foi forçado o cancelamento de uma conexão existente pelo host remoto.
20210806-17:06:46.415 : shutdown requested: Disconnected
20210806-17:06:46.435 : shutdown requested: Foi forçado o cancelamento de uma conexão existente pelo host remoto.
20210806-17:06:46.435 : shutdown
20210806-17:07:28.047 : connected
20210806-17:09:37.131 : connected
20210806-17:14:56.065 : connected
20210806-17:16:14.172 : SocketReader Error: Socket exception (127.0.0.1:60284): Foi forçado o cancelamento de uma conexão existente pelo host remoto.
20210806-17:16:14.173 : shutdown requested: Disconnected
20210806-17:16:14.192 : shutdown requested: Foi forçado o cancelamento de uma conexão existente pelo host remoto.
20210806-17:16:14.192 : shutdown
20210806-17:17:13.109 : connected
20210806-17:27:31.729 : connected
20210806-17:27:31.953 : SocketReader Error: Socket exception (127.0.0.1:61617): Foi forçado o cancelamento de uma conexão existente pelo host remoto.
20210806-17:27:31.954 : shutdown requested: Disconnected
20210806-17:27:31.971 : shutdown requested: Foi forçado o cancelamento de uma conexão existente pelo host remoto.
20210806-17:27:31.971 : shutdown
20210806-17:28:24.769 : connected
20210806-17:28:24.990 : SocketReader Error: Socket exception (127.0.0.1:61628): Foi forçado o cancelamento de uma conexão existente pelo host remoto.
20210806-17:28:24.991 : shutdown requested: Disconnected
20210806-17:28:25.009 : shutdown requested: Foi forçado o cancelamento de uma conexão existente pelo host remoto.
20210806-17:28:25.009 : shutdown
20210806-17:30:35.006 : connected
20210806-17:30:56.209 : connected
20210806-17:30:56.348 : SocketReader Error: Socket exception (127.0.0.1:56840): Foi forçado o cancelamento de uma conexão existente pelo host remoto.
20210806-17:30:56.350 : shutdown requested: Disconnected
20210806-17:30:56.372 : shutdown requested: Foi forçado o cancelamento de uma conexão existente pelo host remoto.
20210806-17:30:56.373 : shutdown
20210806-17:31:25.473 : connected
20210806-17:38:18.132 : connected
20210806-17:41:36.883 : connected
20210806-18:06:16.826 : connected
20210806-18:06:53.872 : SocketReader Error: Socket exception (127.0.0.1:64607): Foi forçado o cancelamento de uma conexão existente pelo host remoto.
20210806-18:06:53.872 : shutdown requested: Disconnected
20210806-18:06:53.890 : shutdown requested: Foi forçado o cancelamento de uma conexão existente pelo host remoto.
20210806-18:06:53.890 : shutdown
20210806-18:09:29.511 : connected
20210806-18:10:42.392 : SocketReader Error: Socket exception (127.0.0.1:60236): Foi forçado o cancelamento de uma conexão existente pelo host remoto.
20210806-18:10:42.393 : shutdown requested: Disconnected
20210806-18:10:42.409 : shutdown requested: Foi forçado o cancelamento de uma conexão existente pelo host remoto.
20210806-18:10:42.409 : shutdown
20210806-18:15:58.154 : connected
20210806-18:16:56.651 : SocketReader Error: Socket exception (127.0.0.1:55639): Foi forçado o cancelamento de uma conexão existente pelo host remoto.
20210806-18:16:56.651 : shutdown requested: Disconnected
20210806-18:16:56.671 : shutdown requested: Foi forçado o cancelamento de uma conexão existente pelo host remoto.
20210806-18:16:56.671 : shutdown
20210806-18:34:21.657 : connected
20210806-18:39:32.207 : connected
20210806-18:45:20.582 : connected
20210806-18:48:57.829 : connected
20210806-19:01:33.291 : connected
20210806-19:03:15.624 : connected
20210806-19:10:16.828 : connected
20210806-19:12:41.076 : connected
20210806-19:14:04.834 : connected
20210806-19:15:29.562 : connected
20210806-19:19:39.758 : connected
20210806-19:19:41.287 : shutdown requested: reactor is shutting down
20210806-19:19:41.914 : SocketReader Error: System.ObjectDisposedException: Cannot access a disposed object.
Object name: 'FileLog'.
   at QuickFix.FileLog.DisposedCheck()
   at QuickFix.FileLog.OnEvent(String s)
   at QuickFix.Session.Next()
   at QuickFix.SocketReader.Read()
20210806-19:19:41.926 : shutdown requested: Cannot access a disposed object.
Object name: 'FileLog'.
20210806-19:19:41.926 : shutdown
20210806-19:19:59.934 : connected
20210806-19:20:12.041 : connected
20210806-19:55:54.117 : connected
20210806-20:03:45.524 : connected
20210806-20:05:42.924 : connected
20210806-21:08:39.712 : connected
